admin
123456
123
1234567
12345678
abc123
test123
123456789
admin123
q1w2e3r4
password
password123
P@ssw0rd
Passw0rd
passw0rd
password1
pa55w0rd
qwerty
test
1q2w3e4r
1qaz2wsx
qazwsx
123qwe
123qaz
123456qwerty
1q2w3e
pass
123asd
1111111111
111111111
abcd123
a12345678
p@ssw0rd
root123
admin!@
default
qwer1234
asdf1234
1234qwer
cisco
12qwaszx
1qazxsw2
123qweasd
root1234
system
p@$$w0rd
!QAZ2wsx
manager
1qazXSW@
q1w2e3r4t5
admin123456
zaq12wsx
root@123
1111
q1w2e3
cisco123
11111111
asdasd
qweqwe
456789
123654
111222
789456
1234560
987654
321321
456456
789789
333333
123654789
pwd123
adminer3100
adminer3200
adminer3260
adminer
h3capadmin
h3c
firewall
telnetpwd
ftppwd
netscreen
sys123
conadmin
nsfocus123
!1fw@2soc#3vpn
telent
ns25000
cyberaudit
adminadmin
sysmanager888
abc
admin123!@#
Admin123!@#
anonymous@12345
web234@#$
admin_12345
Admin_12345
Password01
Test
Test123
tester
1234@Abcd
1234@abcd
Passw@rd
Pa$$w0rd
Password@123
Password123
Admin@123
qwe12345
admin666666
admin888888
admin88888888
pass#123
Admin12345
qwerty12345
12341234
test1
1234567890
qwertyuiop
11111
00000
asdfghjkl
q1w2e3r4t5y6
qwerty123
666666
superman
12345678910
1q2w3e4r5t
abcd1234
1qaz2wsx3edc
